<?xml version="1.0" encoding="UTF-8"?>
<testsuite name="Example" tests="4" skipped="0" failures="0" errors="0" timestamp="2020-12-19T10:00:20" hostname="DESKTOP-74749FD" time="0.015">
  <properties/>
  <testcase name="shouldInjectSingleton" classname="Example" time="0.014"/>
  <testcase name="shouldInjectPrototype" classname="Example" time="0.0"/>
  <testcase name="shouldBuildInjectionGraph" classname="Example" time="0.0"/>
  <testcase name="shouldBuildInjectDependencies" classname="Example" time="0.001"/>
  <system-out><![CDATA[]]></system-out>
  <system-err><![CDATA[]]></system-err>
</testsuite>
